
#################################################
Actual date and time: 2021-8-2-18:52:49
#################################################
Hours: 452206 Minutes: 27132353
-------------------------------------------------
Actual Timestamp: 1627941169 in seconds
-------------------------------------------------
Latitude: -51.3750
-------------------------------------------------
Longitude: 94.1241
-------------------------------------------------
Message: success
#################################################
Actual date and time: 2021-8-2-18:53:1
#################################################
Hours: 452206 Minutes: 27132353
-------------------------------------------------
Actual Timestamp: 1627941180 in seconds
-------------------------------------------------
Latitude: -51.4464
-------------------------------------------------
Longitude: 95.2611
-------------------------------------------------
Message: success
#################################################
Actual date and time: 2021-8-2-18:53:11
#################################################
Hours: 452206 Minutes: 27132353
-------------------------------------------------
Actual Timestamp: 1627941191 in seconds
-------------------------------------------------
Latitude: -51.5034
-------------------------------------------------
Longitude: 96.3517
-------------------------------------------------
Message: success
#################################################
Actual date and time: 2021-8-2-18:53:22
#################################################
Hours: 452206 Minutes: 27132353
-------------------------------------------------
Actual Timestamp: 1627941202 in seconds
-------------------------------------------------
Latitude: -51.5494
-------------------------------------------------
Longitude: 97.4445
-------------------------------------------------
Message: success
#################################################
Actual date and time: 2021-8-2-18:53:33
#################################################
Hours: 452206 Minutes: 27132354
-------------------------------------------------
Actual Timestamp: 1627941213 in seconds
-------------------------------------------------
Latitude: -51.5843
-------------------------------------------------
Longitude: 98.5396
-------------------------------------------------
Message: success
#################################################
Actual date and time: 2021-8-2-18:53:44
#################################################
Hours: 452206 Minutes: 27132354
-------------------------------------------------
Actual Timestamp: 1627941224 in seconds
-------------------------------------------------
Latitude: -51.6073
-------------------------------------------------
Longitude: 99.5863
-------------------------------------------------
Message: success
#################################################
Actual date and time: 2021-8-2-18:53:55
#################################################
Hours: 452206 Minutes: 27132354
-------------------------------------------------
Actual Timestamp: 1627941235 in seconds
-------------------------------------------------
Latitude: -51.6205
-------------------------------------------------
Longitude: 100.6837
-------------------------------------------------
Message: success
#################################################
Actual date and time: 2021-8-2-18:54:6
#################################################
Hours: 452206 Minutes: 27132354
-------------------------------------------------
Actual Timestamp: 1627941246 in seconds
-------------------------------------------------
Latitude: -51.6226
-------------------------------------------------
Longitude: 101.7816
-------------------------------------------------
Message: success
#################################################
Actual date and time: 2021-8-2-18:54:17
#################################################
Hours: 452206 Minutes: 27132354
-------------------------------------------------
Actual Timestamp: 1627941257 in seconds
-------------------------------------------------
Latitude: -51.6136
-------------------------------------------------
Longitude: 102.8792
-------------------------------------------------
Message: success
#################################################
Actual date and time: 2021-8-2-18:54:28
#################################################
Hours: 452206 Minutes: 27132354
-------------------------------------------------
Actual Timestamp: 1627941268 in seconds
-------------------------------------------------
Latitude: -51.5935
-------------------------------------------------
Longitude: 103.9760
-------------------------------------------------
Message: success
#################################################
Actual date and time: 2021-8-2-18:54:39
#################################################
Hours: 452206 Minutes: 27132355
-------------------------------------------------
Actual Timestamp: 1627941278 in seconds
-------------------------------------------------
Latitude: -51.5639
-------------------------------------------------
Longitude: 105.0217
-------------------------------------------------
Message: success
#################################################
Actual date and time: 2021-8-2-18:54:50
#################################################
Hours: 452206 Minutes: 27132355
-------------------------------------------------
Actual Timestamp: 1627941289 in seconds
-------------------------------------------------
Latitude: -51.5221
-------------------------------------------------
Longitude: 106.1155
-------------------------------------------------
Message: success
#################################################
Actual date and time: 2021-8-2-18:55:1
#################################################
Hours: 452206 Minutes: 27132355
-------------------------------------------------
Actual Timestamp: 1627941300 in seconds
-------------------------------------------------
Latitude: -51.4693
-------------------------------------------------
Longitude: 107.2069
-------------------------------------------------
Message: success
#################################################
Actual date and time: 2021-8-2-18:55:12
#################################################
Hours: 452206 Minutes: 27132355
-------------------------------------------------
Actual Timestamp: 1627941311 in seconds
-------------------------------------------------
Latitude: -51.4054
-------------------------------------------------
Longitude: 108.2961
-------------------------------------------------
Message: success
#################################################
Actual date and time: 2021-8-2-18:55:23
#################################################
Hours: 452206 Minutes: 27132355
-------------------------------------------------
Actual Timestamp: 1627941322 in seconds
-------------------------------------------------
Latitude: -51.3307
-------------------------------------------------
Longitude: 109.3811
-------------------------------------------------
Message: success
#################################################
Actual date and time: 2021-8-2-18:55:33
#################################################
Hours: 452206 Minutes: 27132356
-------------------------------------------------
Actual Timestamp: 1627941333 in seconds
-------------------------------------------------
Latitude: -51.2492
-------------------------------------------------
Longitude: 110.4131
-------------------------------------------------
Message: success
#################################################
Actual date and time: 2021-8-2-18:55:44
#################################################
Hours: 452206 Minutes: 27132356
-------------------------------------------------
Actual Timestamp: 1627941344 in seconds
-------------------------------------------------
Latitude: -51.1532
-------------------------------------------------
Longitude: 111.4901
-------------------------------------------------
Message: success
#################################################
Actual date and time: 2021-8-2-18:55:55
#################################################
Hours: 452206 Minutes: 27132356
-------------------------------------------------
Actual Timestamp: 1627941355 in seconds
-------------------------------------------------
Latitude: -51.0466
-------------------------------------------------
Longitude: 112.5619
-------------------------------------------------
Message: success
#################################################
Actual date and time: 2021-8-2-18:56:6
#################################################
Hours: 452206 Minutes: 27132356
-------------------------------------------------
Actual Timestamp: 1627941366 in seconds
-------------------------------------------------
Latitude: -50.9293
-------------------------------------------------
Longitude: 113.6287
-------------------------------------------------
Message: success
#################################################
Actual date and time: 2021-8-2-18:56:17
#################################################
Hours: 452206 Minutes: 27132356
-------------------------------------------------
Actual Timestamp: 1627941377 in seconds
-------------------------------------------------
Latitude: -50.8014
-------------------------------------------------
Longitude: 114.6894
-------------------------------------------------
Message: success
#################################################
Actual date and time: 2021-8-2-18:56:28
#################################################
Hours: 452206 Minutes: 27132356
-------------------------------------------------
Actual Timestamp: 1627941387 in seconds
-------------------------------------------------
Latitude: -50.6697
-------------------------------------------------
Longitude: 115.6963
-------------------------------------------------
Message: success
#################################################
Actual date and time: 2021-8-2-18:56:39
#################################################
Hours: 452206 Minutes: 27132357
-------------------------------------------------
Actual Timestamp: 1627941398 in seconds
-------------------------------------------------
Latitude: -50.5216
-------------------------------------------------
Longitude: 116.7446
-------------------------------------------------
Message: success
#################################################
Actual date and time: 2021-8-2-18:56:50
#################################################
Hours: 452206 Minutes: 27132357
-------------------------------------------------
Actual Timestamp: 1627941409 in seconds
-------------------------------------------------
Latitude: -50.3632
-------------------------------------------------
Longitude: 117.7858
-------------------------------------------------
Message: success
#################################################
Actual date and time: 2021-8-2-18:57:1
#################################################
Hours: 452206 Minutes: 27132357
-------------------------------------------------
Actual Timestamp: 1627941420 in seconds
-------------------------------------------------
Latitude: -50.1948
-------------------------------------------------
Longitude: 118.8194
-------------------------------------------------
Message: success
#################################################
Actual date and time: 2021-8-2-18:57:12
#################################################
Hours: 452206 Minutes: 27132357
-------------------------------------------------
Actual Timestamp: 1627941431 in seconds
-------------------------------------------------
Latitude: -50.0248
-------------------------------------------------
Longitude: 119.7987
-------------------------------------------------
Message: success
#################################################
Actual date and time: 2021-8-2-18:57:23
#################################################
Hours: 452206 Minutes: 27132357
-------------------------------------------------
Actual Timestamp: 1627941442 in seconds
-------------------------------------------------
Latitude: -49.8371
-------------------------------------------------
Longitude: 120.8167
-------------------------------------------------
Message: success
#################################################
Actual date and time: 2021-8-2-18:57:34
#################################################
Hours: 452206 Minutes: 27132358
-------------------------------------------------
Actual Timestamp: 1627941453 in seconds
-------------------------------------------------
Latitude: -49.6398
-------------------------------------------------
Longitude: 121.8263
-------------------------------------------------
Message: success
#################################################
Actual date and time: 2021-8-2-18:57:44
#################################################
Hours: 452206 Minutes: 27132358
-------------------------------------------------
Actual Timestamp: 1627941464 in seconds
-------------------------------------------------
Latitude: -49.4329
-------------------------------------------------
Longitude: 122.8272
-------------------------------------------------
Message: success
#################################################
Actual date and time: 2021-8-2-18:57:55
#################################################
Hours: 452206 Minutes: 27132358
-------------------------------------------------
Actual Timestamp: 1627941475 in seconds
-------------------------------------------------
Latitude: -49.2166
-------------------------------------------------
Longitude: 123.8192
-------------------------------------------------
Message: success
#################################################
Actual date and time: 2021-8-2-18:58:6
#################################################
Hours: 452206 Minutes: 27132358
-------------------------------------------------
Actual Timestamp: 1627941486 in seconds
-------------------------------------------------
Latitude: -48.9910
-------------------------------------------------
Longitude: 124.8019
-------------------------------------------------
Message: success
#################################################
Actual date and time: 2021-8-2-18:58:17
#################################################
Hours: 452206 Minutes: 27132358
-------------------------------------------------
Actual Timestamp: 1627941497 in seconds
-------------------------------------------------
Latitude: -48.7673
-------------------------------------------------
Longitude: 125.7310
-------------------------------------------------
Message: success
#################################################
Actual date and time: 2021-8-2-18:58:28
#################################################
Hours: 452206 Minutes: 27132358
-------------------------------------------------
Actual Timestamp: 1627941508 in seconds
-------------------------------------------------
Latitude: -48.5241
-------------------------------------------------
Longitude: 126.6952
-------------------------------------------------
Message: success
#################################################
Actual date and time: 2021-8-2-18:58:39
#################################################
Hours: 452206 Minutes: 27132359
-------------------------------------------------
Actual Timestamp: 1627941519 in seconds
-------------------------------------------------
Latitude: -48.2723
-------------------------------------------------
Longitude: 127.6492
-------------------------------------------------
Message: success
#################################################
Actual date and time: 2021-8-2-18:58:50
#################################################
Hours: 452206 Minutes: 27132359
-------------------------------------------------
Actual Timestamp: 1627941530 in seconds
-------------------------------------------------
Latitude: -48.0119
-------------------------------------------------
Longitude: 128.5932
-------------------------------------------------
Message: success
#################################################
Actual date and time: 2021-8-2-18:59:1
#################################################
Hours: 452206 Minutes: 27132359
-------------------------------------------------
Actual Timestamp: 1627941541 in seconds
-------------------------------------------------
Latitude: -47.7430
-------------------------------------------------
Longitude: 129.5272
-------------------------------------------------
Message: success
#################################################
Actual date and time: 2021-8-2-18:59:12
#################################################
Hours: 452206 Minutes: 27132359
-------------------------------------------------
Actual Timestamp: 1627941551 in seconds
-------------------------------------------------
Latitude: -47.4786
-------------------------------------------------
Longitude: 130.4093
-------------------------------------------------
Message: success
#################################################
Actual date and time: 2021-8-2-18:59:23
#################################################
Hours: 452206 Minutes: 27132359
-------------------------------------------------
Actual Timestamp: 1627941562 in seconds
-------------------------------------------------
Latitude: -47.1936
-------------------------------------------------
Longitude: 131.3235
-------------------------------------------------
Message: success
#################################################
Actual date and time: 2021-8-2-18:59:34
#################################################
Hours: 452206 Minutes: 27132360
-------------------------------------------------
Actual Timestamp: 1627941573 in seconds
-------------------------------------------------
Latitude: -46.9008
-------------------------------------------------
Longitude: 132.2270
-------------------------------------------------
Message: success
#################################################
Actual date and time: 2021-8-2-18:59:45
#################################################
Hours: 452206 Minutes: 27132360
-------------------------------------------------
Actual Timestamp: 1627941584 in seconds
-------------------------------------------------
Latitude: -46.6001
-------------------------------------------------
Longitude: 133.1201
-------------------------------------------------
Message: success
#################################################
Actual date and time: 2021-8-2-18:59:55
#################################################
Hours: 452206 Minutes: 27132360
-------------------------------------------------
Actual Timestamp: 1627941595 in seconds
-------------------------------------------------
Latitude: -46.2919
-------------------------------------------------
Longitude: 134.0027
-------------------------------------------------
Message: success
#################################################
Actual date and time: 2021-8-2-19:0:6
#################################################
Hours: 452206 Minutes: 27132360
-------------------------------------------------
Actual Timestamp: 1627941606 in seconds
-------------------------------------------------
Latitude: -45.9905
-------------------------------------------------
Longitude: 134.8359
-------------------------------------------------
Message: success
#################################################
Actual date and time: 2021-8-2-19:0:17
#################################################
Hours: 452206 Minutes: 27132360
-------------------------------------------------
Actual Timestamp: 1627941617 in seconds
-------------------------------------------------
Latitude: -45.6678
-------------------------------------------------
Longitude: 135.6980
-------------------------------------------------
Message: success
#################################################
Actual date and time: 2021-8-2-19:0:28
#################################################
Hours: 452206 Minutes: 27132360
-------------------------------------------------
Actual Timestamp: 1627941628 in seconds
-------------------------------------------------
Latitude: -45.3380
-------------------------------------------------
Longitude: 136.5496
-------------------------------------------------
Message: success
#################################################
Actual date and time: 2021-8-2-19:0:39
#################################################
Hours: 452206 Minutes: 27132361
-------------------------------------------------
Actual Timestamp: 1627941639 in seconds
-------------------------------------------------
Latitude: -45.0013
-------------------------------------------------
Longitude: 137.3906
-------------------------------------------------
Message: success
#################################################
Actual date and time: 2021-8-2-19:0:50
#################################################
Hours: 452206 Minutes: 27132361
-------------------------------------------------
Actual Timestamp: 1627941649 in seconds
-------------------------------------------------
Latitude: -44.6736
-------------------------------------------------
Longitude: 138.1836
-------------------------------------------------
Message: success
#################################################
Actual date and time: 2021-8-2-19:1:1
#################################################
Hours: 452206 Minutes: 27132361
-------------------------------------------------
Actual Timestamp: 1627941660 in seconds
-------------------------------------------------
Latitude: -44.3237
-------------------------------------------------
Longitude: 139.0041
-------------------------------------------------
Message: success
#################################################
Actual date and time: 2021-8-2-19:1:12
#################################################
Hours: 452206 Minutes: 27132361
-------------------------------------------------
Actual Timestamp: 1627941671 in seconds
-------------------------------------------------
Latitude: -43.9674
-------------------------------------------------
Longitude: 139.8142
-------------------------------------------------
Message: success
#################################################
Actual date and time: 2021-8-2-19:1:23
#################################################
Hours: 452206 Minutes: 27132361
-------------------------------------------------
Actual Timestamp: 1627941683 in seconds
-------------------------------------------------
Latitude: -43.6048
-------------------------------------------------
Longitude: 140.6140
-------------------------------------------------
Message: success
#################################################
Actual date and time: 2021-8-2-19:1:34
#################################################
Hours: 452206 Minutes: 27132362
-------------------------------------------------
Actual Timestamp: 1627941694 in seconds
-------------------------------------------------
Latitude: -43.2359
-------------------------------------------------
Longitude: 141.4037
-------------------------------------------------
Message: success
#################################################
Actual date and time: 2021-8-2-19:1:45
#################################################
Hours: 452206 Minutes: 27132362
-------------------------------------------------
Actual Timestamp: 1627941704 in seconds
-------------------------------------------------
Latitude: -42.8782
-------------------------------------------------
Longitude: 142.1480
-------------------------------------------------
Message: success
#################################################
Actual date and time: 2021-8-2-19:1:56
#################################################
Hours: 452206 Minutes: 27132362
-------------------------------------------------
Actual Timestamp: 1627941715 in seconds
-------------------------------------------------
Latitude: -42.4978
-------------------------------------------------
Longitude: 142.9179
-------------------------------------------------
Message: success
#################################################
Actual date and time: 2021-8-2-19:2:7
#################################################
Hours: 452206 Minutes: 27132362
-------------------------------------------------
Actual Timestamp: 1627941726 in seconds
-------------------------------------------------
Latitude: -42.1116
-------------------------------------------------
Longitude: 143.6779
-------------------------------------------------
Message: success
#################################################
Actual date and time: 2021-8-2-19:2:17
#################################################
Hours: 452206 Minutes: 27132362
-------------------------------------------------
Actual Timestamp: 1627941737 in seconds
-------------------------------------------------
Latitude: -41.7198
-------------------------------------------------
Longitude: 144.4280
-------------------------------------------------
Message: success
#################################################
Actual date and time: 2021-8-2-19:2:28
#################################################
Hours: 452206 Minutes: 27132362
-------------------------------------------------
Actual Timestamp: 1627941748 in seconds
-------------------------------------------------
Latitude: -41.3226
-------------------------------------------------
Longitude: 145.1685
-------------------------------------------------
Message: success
#################################################
Actual date and time: 2021-8-2-19:2:39
#################################################
Hours: 452206 Minutes: 27132363
-------------------------------------------------
Actual Timestamp: 1627941759 in seconds
-------------------------------------------------
Latitude: -40.9385
-------------------------------------------------
Longitude: 145.8663
-------------------------------------------------
Message: success
#################################################
Actual date and time: 2021-8-2-19:2:50
#################################################
Hours: 452206 Minutes: 27132363
-------------------------------------------------
Actual Timestamp: 1627941770 in seconds
-------------------------------------------------
Latitude: -40.5124
-------------------------------------------------
Longitude: 146.6206
-------------------------------------------------
Message: success
#################################################
Actual date and time: 2021-8-2-19:3:1
#################################################
Hours: 452206 Minutes: 27132363
-------------------------------------------------
Actual Timestamp: 1627941781 in seconds
-------------------------------------------------
Latitude: -40.1185
-------------------------------------------------
Longitude: 147.3006
-------------------------------------------------
Message: success
#################################################
Actual date and time: 2021-8-2-19:3:12
#################################################
Hours: 452206 Minutes: 27132363
-------------------------------------------------
Actual Timestamp: 1627941792 in seconds
-------------------------------------------------
Latitude: -39.7011
-------------------------------------------------
Longitude: 148.0038
-------------------------------------------------
Message: success
#################################################
Actual date and time: 2021-8-2-19:3:23
#################################################
Hours: 452206 Minutes: 27132363
-------------------------------------------------
Actual Timestamp: 1627941803 in seconds
-------------------------------------------------
Latitude: -39.2789
-------------------------------------------------
Longitude: 148.6981
-------------------------------------------------
Message: success
#################################################
Actual date and time: 2021-8-2-19:3:34
#################################################
Hours: 452206 Minutes: 27132364
-------------------------------------------------
Actual Timestamp: 1627941814 in seconds
-------------------------------------------------
Latitude: -38.8521
-------------------------------------------------
Longitude: 149.3834
-------------------------------------------------
Message: success
#################################################
Actual date and time: 2021-8-2-19:3:45
#################################################
Hours: 452206 Minutes: 27132364
-------------------------------------------------
Actual Timestamp: 1627941825 in seconds
-------------------------------------------------
Latitude: -38.4208
-------------------------------------------------
Longitude: 150.0599
-------------------------------------------------
Message: success
#################################################
Actual date and time: 2021-8-2-19:3:56
#################################################
Hours: 452206 Minutes: 27132364
-------------------------------------------------
Actual Timestamp: 1627941835 in seconds
-------------------------------------------------
Latitude: -38.0051
-------------------------------------------------
Longitude: 150.6975
-------------------------------------------------
Message: success
#################################################
Actual date and time: 2021-8-2-19:4:7
#################################################
Hours: 452206 Minutes: 27132364
-------------------------------------------------
Actual Timestamp: 1627941846 in seconds
-------------------------------------------------
Latitude: -37.5652
-------------------------------------------------
Longitude: 151.3574
-------------------------------------------------
Message: success
#################################################
Actual date and time: 2021-8-2-19:4:18
#################################################
Hours: 452206 Minutes: 27132364
-------------------------------------------------
Actual Timestamp: 1627941857 in seconds
-------------------------------------------------
Latitude: -37.1212
-------------------------------------------------
Longitude: 152.0088
-------------------------------------------------
Message: success
#################################################
Actual date and time: 2021-8-2-19:4:29
#################################################
Hours: 452206 Minutes: 27132364
-------------------------------------------------
Actual Timestamp: 1627941868 in seconds
-------------------------------------------------
Latitude: -36.6732
-------------------------------------------------
Longitude: 152.6522
-------------------------------------------------
Message: success
#################################################
Actual date and time: 2021-8-2-19:4:40
#################################################
Hours: 452206 Minutes: 27132365
-------------------------------------------------
Actual Timestamp: 1627941879 in seconds
-------------------------------------------------
Latitude: -36.2212
-------------------------------------------------
Longitude: 153.2875
-------------------------------------------------
Message: success
#################################################
Actual date and time: 2021-8-2-19:4:51
#################################################
Hours: 452206 Minutes: 27132365
-------------------------------------------------
Actual Timestamp: 1627941890 in seconds
-------------------------------------------------
Latitude: -35.7654
-------------------------------------------------
Longitude: 153.9150
-------------------------------------------------
Message: success
#################################################
Actual date and time: 2021-8-2-19:5:2
#################################################
Hours: 452206 Minutes: 27132365
-------------------------------------------------
Actual Timestamp: 1627941901 in seconds
-------------------------------------------------
Latitude: -35.3059
-------------------------------------------------
Longitude: 154.5348
-------------------------------------------------
Message: success
#################################################
Actual date and time: 2021-8-2-19:5:12
#################################################
Hours: 452206 Minutes: 27132365
-------------------------------------------------
Actual Timestamp: 1627941912 in seconds
-------------------------------------------------
Latitude: -34.8638
-------------------------------------------------
Longitude: 155.1194
-------------------------------------------------
Message: success
#################################################
Actual date and time: 2021-8-2-19:5:23
#################################################
Hours: 452206 Minutes: 27132365
-------------------------------------------------
Actual Timestamp: 1627941923 in seconds
-------------------------------------------------
Latitude: -34.3972
-------------------------------------------------
Longitude: 155.7247
-------------------------------------------------
Message: success
#################################################
Actual date and time: 2021-8-2-19:5:34
#################################################
Hours: 452206 Minutes: 27132366
-------------------------------------------------
Actual Timestamp: 1627941934 in seconds
-------------------------------------------------
Latitude: -33.9272
-------------------------------------------------
Longitude: 156.3226
-------------------------------------------------
Message: success
#################################################
Actual date and time: 2021-8-2-19:5:45
#################################################
Hours: 452206 Minutes: 27132366
-------------------------------------------------
Actual Timestamp: 1627941945 in seconds
-------------------------------------------------
Latitude: -33.4539
-------------------------------------------------
Longitude: 156.9135
-------------------------------------------------
Message: success
#################################################
Actual date and time: 2021-8-2-19:5:56
#################################################
Hours: 452206 Minutes: 27132366
-------------------------------------------------
Actual Timestamp: 1627941956 in seconds
-------------------------------------------------
Latitude: -32.9991
-------------------------------------------------
Longitude: 157.4710
-------------------------------------------------
Message: success
#################################################
Actual date and time: 2021-8-2-19:6:7
#################################################
Hours: 452206 Minutes: 27132366
-------------------------------------------------
Actual Timestamp: 1627941967 in seconds
-------------------------------------------------
Latitude: -32.5195
-------------------------------------------------
Longitude: 158.0484
-------------------------------------------------
Message: success
#################################################
Actual date and time: 2021-8-2-19:6:18
#################################################
Hours: 452206 Minutes: 27132366
-------------------------------------------------
Actual Timestamp: 1627941978 in seconds
-------------------------------------------------
Latitude: -32.0370
-------------------------------------------------
Longitude: 158.6192
-------------------------------------------------
Message: success
#################################################
Actual date and time: 2021-8-2-19:6:29
#################################################
Hours: 452206 Minutes: 27132366
-------------------------------------------------
Actual Timestamp: 1627941989 in seconds
-------------------------------------------------
Latitude: -31.5514
-------------------------------------------------
Longitude: 159.1835
-------------------------------------------------
Message: success
#################################################
Actual date and time: 2021-8-2-19:6:40
#################################################
Hours: 452206 Minutes: 27132367
-------------------------------------------------
Actual Timestamp: 1627942000 in seconds
-------------------------------------------------
Latitude: -31.0629
-------------------------------------------------
Longitude: 159.7416
-------------------------------------------------
Message: success
#################################################
Actual date and time: 2021-8-2-19:6:51
#################################################
Hours: 452206 Minutes: 27132367
-------------------------------------------------
Actual Timestamp: 1627942010 in seconds
-------------------------------------------------
Latitude: -30.5941
-------------------------------------------------
Longitude: 160.2684
-------------------------------------------------
Message: success
#################################################
Actual date and time: 2021-8-2-19:7:2
#################################################
Hours: 452206 Minutes: 27132367
-------------------------------------------------
Actual Timestamp: 1627942021 in seconds
-------------------------------------------------
Latitude: -30.1002
-------------------------------------------------
Longitude: 160.8144
-------------------------------------------------
Message: success
#################################################
Actual date and time: 2021-8-2-19:7:13
#################################################
Hours: 452206 Minutes: 27132367
-------------------------------------------------
Actual Timestamp: 1627942032 in seconds
-------------------------------------------------
Latitude: -29.6038
-------------------------------------------------
Longitude: 161.3545
-------------------------------------------------
Message: success
#################################################
Actual date and time: 2021-8-2-19:7:24
#################################################
Hours: 452206 Minutes: 27132367
-------------------------------------------------
Actual Timestamp: 1627942043 in seconds
-------------------------------------------------
Latitude: -29.1047
-------------------------------------------------
Longitude: 161.8889
-------------------------------------------------
Message: success
#################################################
Actual date and time: 2021-8-2-19:7:34
#################################################
Hours: 452206 Minutes: 27132368
-------------------------------------------------
Actual Timestamp: 1627942054 in seconds
-------------------------------------------------
Latitude: -28.6031
-------------------------------------------------
Longitude: 162.4178
-------------------------------------------------
Message: success
#################################################
Actual date and time: 2021-8-2-19:7:45
#################################################
Hours: 452206 Minutes: 27132368
-------------------------------------------------
Actual Timestamp: 1627942065 in seconds
-------------------------------------------------
Latitude: -28.0991
-------------------------------------------------
Longitude: 162.9411
-------------------------------------------------
Message: success
#################################################
Actual date and time: 2021-8-2-19:7:56
#################################################
Hours: 452206 Minutes: 27132368
-------------------------------------------------
Actual Timestamp: 1627942076 in seconds
-------------------------------------------------
Latitude: -27.6159
-------------------------------------------------
Longitude: 163.4356
-------------------------------------------------
Message: success
#################################################
Actual date and time: 2021-8-2-19:8:7
#################################################
Hours: 452206 Minutes: 27132368
-------------------------------------------------
Actual Timestamp: 1627942087 in seconds
-------------------------------------------------
Latitude: -27.1074
-------------------------------------------------
Longitude: 163.9487
-------------------------------------------------
Message: success
#################################################
Actual date and time: 2021-8-2-19:8:18
#################################################
Hours: 452206 Minutes: 27132368
-------------------------------------------------
Actual Timestamp: 1627942098 in seconds
-------------------------------------------------
Latitude: -26.5967
-------------------------------------------------
Longitude: 164.4566
-------------------------------------------------
Message: success
#################################################
Actual date and time: 2021-8-2-19:8:29
#################################################
Hours: 452206 Minutes: 27132368
-------------------------------------------------
Actual Timestamp: 1627942109 in seconds
-------------------------------------------------
Latitude: -26.0839
-------------------------------------------------
Longitude: 164.9596
-------------------------------------------------
Message: success
#################################################
Actual date and time: 2021-8-2-19:8:40
#################################################
Hours: 452206 Minutes: 27132369
-------------------------------------------------
Actual Timestamp: 1627942120 in seconds
-------------------------------------------------
Latitude: -25.5690
-------------------------------------------------
Longitude: 165.4579
-------------------------------------------------
Message: success
#################################################
Actual date and time: 2021-8-2-19:8:51
#################################################
Hours: 452206 Minutes: 27132369
-------------------------------------------------
Actual Timestamp: 1627942130 in seconds
-------------------------------------------------
Latitude: -25.0755
-------------------------------------------------
Longitude: 165.9292
-------------------------------------------------
Message: success
#################################################
Actual date and time: 2021-8-2-19:9:2
#################################################
Hours: 452206 Minutes: 27132369
-------------------------------------------------
Actual Timestamp: 1627942141 in seconds
-------------------------------------------------
Latitude: -24.5567
-------------------------------------------------
Longitude: 166.4184
-------------------------------------------------
Message: success
#################################################
Actual date and time: 2021-8-2-19:9:13
#################################################
Hours: 452206 Minutes: 27132369
-------------------------------------------------
Actual Timestamp: 1627942152 in seconds
-------------------------------------------------
Latitude: -24.0361
-------------------------------------------------
Longitude: 166.9032
-------------------------------------------------
Message: success
#################################################
Actual date and time: 2021-8-2-19:9:24
#################################################
Hours: 452206 Minutes: 27132369
-------------------------------------------------
Actual Timestamp: 1627942163 in seconds
-------------------------------------------------
Latitude: -23.5134
-------------------------------------------------
Longitude: 167.3839
-------------------------------------------------
Message: success
#################################################
Actual date and time: 2021-8-2-19:9:35
#################################################
Hours: 452206 Minutes: 27132370
-------------------------------------------------
Actual Timestamp: 1627942174 in seconds
-------------------------------------------------
Latitude: -22.9891
-------------------------------------------------
Longitude: 167.8603
-------------------------------------------------
Message: success
#################################################
Actual date and time: 2021-8-2-19:9:45
#################################################
Hours: 452206 Minutes: 27132370
-------------------------------------------------
Actual Timestamp: 1627942185 in seconds
-------------------------------------------------
Latitude: -22.4871
-------------------------------------------------
Longitude: 168.3113
-------------------------------------------------
Message: success
#################################################
Actual date and time: 2021-8-2-19:9:56
#################################################
Hours: 452206 Minutes: 27132370
-------------------------------------------------
Actual Timestamp: 1627942196 in seconds
-------------------------------------------------
Latitude: -21.9595
-------------------------------------------------
Longitude: 168.7799
-------------------------------------------------
Message: success
#################################################
Actual date and time: 2021-8-2-19:10:7
#################################################
Hours: 452206 Minutes: 27132370
-------------------------------------------------
Actual Timestamp: 1627942207 in seconds
-------------------------------------------------
Latitude: -21.4302
-------------------------------------------------
Longitude: 169.2448
-------------------------------------------------
Message: success
#################################################
Actual date and time: 2021-8-2-19:10:18
#################################################
Hours: 452206 Minutes: 27132370
-------------------------------------------------
Actual Timestamp: 1627942218 in seconds
-------------------------------------------------
Latitude: -20.8995
-------------------------------------------------
Longitude: 169.7058
-------------------------------------------------
Message: success
#################################################
Actual date and time: 2021-8-2-19:10:29
#################################################
Hours: 452206 Minutes: 27132370
-------------------------------------------------
Actual Timestamp: 1627942229 in seconds
-------------------------------------------------
Latitude: -20.3674
-------------------------------------------------
Longitude: 170.1632
-------------------------------------------------
Message: success
#################################################
Actual date and time: 2021-8-2-19:10:40
#################################################
Hours: 452206 Minutes: 27132371
-------------------------------------------------
Actual Timestamp: 1627942240 in seconds
-------------------------------------------------
Latitude: -19.8581
-------------------------------------------------
Longitude: 170.5967
-------------------------------------------------
Message: success
#################################################
Actual date and time: 2021-8-2-19:10:51
#################################################
Hours: 452206 Minutes: 27132371
-------------------------------------------------
Actual Timestamp: 1627942251 in seconds
-------------------------------------------------
Latitude: -19.3231
-------------------------------------------------
Longitude: 171.0475
-------------------------------------------------
Message: success
#################################################
Actual date and time: 2021-8-2-19:11:0
#################################################
Hours: 452206 Minutes: 27132371
-------------------------------------------------
Actual Timestamp: 1627942259 in seconds
-------------------------------------------------
Latitude: -18.9088
-------------------------------------------------
Longitude: 171.3936
-------------------------------------------------
Message: success
#################################################
Actual date and time: 2021-8-2-19:11:10
#################################################
Hours: 452206 Minutes: 27132371
-------------------------------------------------
Actual Timestamp: 1627942270 in seconds
-------------------------------------------------
Latitude: -18.3714
-------------------------------------------------
Longitude: 171.8388
-------------------------------------------------
Message: success
#################################################
Actual date and time: 2021-8-2-19:11:21
#################################################
Hours: 452206 Minutes: 27132371
-------------------------------------------------
Actual Timestamp: 1627942281 in seconds
-------------------------------------------------
Latitude: -17.8328
-------------------------------------------------
Longitude: 172.2809
-------------------------------------------------
Message: success
#################################################
Actual date and time: 2021-8-2-19:11:32
#################################################
Hours: 452206 Minutes: 27132372
-------------------------------------------------
Actual Timestamp: 1627942292 in seconds
-------------------------------------------------
Latitude: -17.3176
-------------------------------------------------
Longitude: 172.7002
-------------------------------------------------
Message: success
#################################################
Actual date and time: 2021-8-2-19:11:43
#################################################
Hours: 452206 Minutes: 27132372
-------------------------------------------------
Actual Timestamp: 1627942303 in seconds
-------------------------------------------------
Latitude: -16.7767
-------------------------------------------------
Longitude: 173.1366
-------------------------------------------------
Message: success
#################################################
Actual date and time: 2021-8-2-19:11:54
#################################################
Hours: 452206 Minutes: 27132372
-------------------------------------------------
Actual Timestamp: 1627942314 in seconds
-------------------------------------------------
Latitude: -16.2346
-------------------------------------------------
Longitude: 173.5703
-------------------------------------------------
Message: success
#################################################
Actual date and time: 2021-8-2-19:12:5
#################################################
Hours: 452206 Minutes: 27132372
-------------------------------------------------
Actual Timestamp: 1627942325 in seconds
-------------------------------------------------
Latitude: -15.6914
-------------------------------------------------
Longitude: 174.0014
-------------------------------------------------
Message: success
#################################################
Actual date and time: 2021-8-2-19:12:16
#################################################
Hours: 452206 Minutes: 27132372
-------------------------------------------------
Actual Timestamp: 1627942335 in seconds
-------------------------------------------------
Latitude: -15.1720
-------------------------------------------------
Longitude: 174.4105
-------------------------------------------------
Message: success
#################################################
Actual date and time: 2021-8-2-19:12:27
#################################################
Hours: 452206 Minutes: 27132372
-------------------------------------------------
Actual Timestamp: 1627942346 in seconds
-------------------------------------------------
Latitude: -14.6269
-------------------------------------------------
Longitude: 174.8367
-------------------------------------------------
Message: success
#################################################
Actual date and time: 2021-8-2-19:12:38
#################################################
Hours: 452206 Minutes: 27132373
-------------------------------------------------
Actual Timestamp: 1627942357 in seconds
-------------------------------------------------
Latitude: -14.0808
-------------------------------------------------
Longitude: 175.2606
-------------------------------------------------
Message: success
#################################################
Actual date and time: 2021-8-2-19:12:49
#################################################
Hours: 452206 Minutes: 27132373
-------------------------------------------------
Actual Timestamp: 1627942368 in seconds
-------------------------------------------------
Latitude: -13.5338
-------------------------------------------------
Longitude: 175.6823
-------------------------------------------------
Message: success
#################################################
Actual date and time: 2021-8-2-19:13:0
#################################################
Hours: 452206 Minutes: 27132373
-------------------------------------------------
Actual Timestamp: 1627942379 in seconds
-------------------------------------------------
Latitude: -12.9859
-------------------------------------------------
Longitude: 176.1018
-------------------------------------------------
Message: success
#################################################
Actual date and time: 2021-8-2-19:13:11
#################################################
Hours: 452206 Minutes: 27132373
-------------------------------------------------
Actual Timestamp: 1627942390 in seconds
-------------------------------------------------
Latitude: -12.4371
-------------------------------------------------
Longitude: 176.5193
-------------------------------------------------
Message: success
#################################################
Actual date and time: 2021-8-2-19:13:22
#################################################
Hours: 452206 Minutes: 27132373
-------------------------------------------------
Actual Timestamp: 1627942401 in seconds
-------------------------------------------------
Latitude: -11.8875
-------------------------------------------------
Longitude: 176.9348
-------------------------------------------------
Message: success
#################################################
Actual date and time: 2021-8-2-19:13:32
#################################################
Hours: 452206 Minutes: 27132374
-------------------------------------------------
Actual Timestamp: 1627942412 in seconds
-------------------------------------------------
Latitude: -11.3621
-------------------------------------------------
Longitude: 177.3298
-------------------------------------------------
Message: success
#################################################
Actual date and time: 2021-8-2-19:13:43
#################################################
Hours: 452206 Minutes: 27132374
-------------------------------------------------
Actual Timestamp: 1627942423 in seconds
-------------------------------------------------
Latitude: -10.8111
-------------------------------------------------
Longitude: 177.7419
-------------------------------------------------
Message: success
#################################################
Actual date and time: 2021-8-2-19:13:54
#################################################
Hours: 452206 Minutes: 27132374
-------------------------------------------------
Actual Timestamp: 1627942434 in seconds
-------------------------------------------------
Latitude: -10.2594
-------------------------------------------------
Longitude: 178.1522
-------------------------------------------------
Message: success
#################################################
Actual date and time: 2021-8-2-19:14:5
#################################################
Hours: 452206 Minutes: 27132374
-------------------------------------------------
Actual Timestamp: 1627942445 in seconds
-------------------------------------------------
Latitude: -9.7072
-------------------------------------------------
Longitude: 178.5608
-------------------------------------------------
Message: success
#################################################
Actual date and time: 2021-8-2-19:14:16
#################################################
Hours: 452206 Minutes: 27132374
-------------------------------------------------
Actual Timestamp: 1627942456 in seconds
-------------------------------------------------
Latitude: -9.1543
-------------------------------------------------
Longitude: 178.9680
-------------------------------------------------
Message: success
#################################################
Actual date and time: 2021-8-2-19:14:27
#################################################
Hours: 452206 Minutes: 27132374
-------------------------------------------------
Actual Timestamp: 1627942467 in seconds
-------------------------------------------------
Latitude: -8.6260
-------------------------------------------------
Longitude: 179.3554
-------------------------------------------------
Message: success
#################################################
Actual date and time: 2021-8-2-19:14:38
#################################################
Hours: 452206 Minutes: 27132375
-------------------------------------------------
Actual Timestamp: 1627942478 in seconds
-------------------------------------------------
Latitude: -8.0719
-------------------------------------------------
Longitude: 179.7601
-------------------------------------------------
Message: success
#################################################
Actual date and time: 2021-8-2-19:14:49
#################################################
Hours: 452206 Minutes: 27132375
-------------------------------------------------
Actual Timestamp: 1627942489 in seconds
-------------------------------------------------
Latitude: -7.5172
-------------------------------------------------
Longitude: -179.8365
-------------------------------------------------
Message: success
#################################################
Actual date and time: 2021-8-2-19:15:0
#################################################
Hours: 452206 Minutes: 27132375
-------------------------------------------------
Actual Timestamp: 1627942500 in seconds
-------------------------------------------------
Latitude: -6.9622
-------------------------------------------------
Longitude: -179.4342
-------------------------------------------------
Message: success
#################################################
Actual date and time: 2021-8-2-19:15:11
#################################################
Hours: 452206 Minutes: 27132375
-------------------------------------------------
Actual Timestamp: 1627942511 in seconds
-------------------------------------------------
Latitude: -6.4066
-------------------------------------------------
Longitude: -179.0330
-------------------------------------------------
Message: success
#################################################
Actual date and time: 2021-8-2-19:15:22
#################################################
Hours: 452206 Minutes: 27132375
-------------------------------------------------
Actual Timestamp: 1627942521 in seconds
-------------------------------------------------
Latitude: -5.8760
-------------------------------------------------
Longitude: -178.6509
-------------------------------------------------
Message: success
#################################################
Actual date and time: 2021-8-2-19:15:33
#################################################
Hours: 452206 Minutes: 27132376
-------------------------------------------------
Actual Timestamp: 1627942532 in seconds
-------------------------------------------------
Latitude: -5.3197
-------------------------------------------------
Longitude: -178.2514
-------------------------------------------------
Message: success
#################################################
Actual date and time: 2021-8-2-19:15:44
#################################################
Hours: 452206 Minutes: 27132376
-------------------------------------------------
Actual Timestamp: 1627942543 in seconds
-------------------------------------------------
Latitude: -4.7631
-------------------------------------------------
Longitude: -177.8528
-------------------------------------------------
Message: success
#################################################
Actual date and time: 2021-8-2-19:15:54
#################################################
Hours: 452206 Minutes: 27132376
-------------------------------------------------
Actual Timestamp: 1627942554 in seconds
-------------------------------------------------
Latitude: -4.2063
-------------------------------------------------
Longitude: -177.4550
-------------------------------------------------
Message: success
#################################################
Actual date and time: 2021-8-2-19:16:5
#################################################
Hours: 452206 Minutes: 27132376
-------------------------------------------------
Actual Timestamp: 1627942565 in seconds
-------------------------------------------------
Latitude: -3.6493
-------------------------------------------------
Longitude: -177.0578
-------------------------------------------------
Message: success
#################################################
Actual date and time: 2021-8-2-19:16:16
#################################################
Hours: 452206 Minutes: 27132376
-------------------------------------------------
Actual Timestamp: 1627942576 in seconds
-------------------------------------------------
Latitude: -3.1174
-------------------------------------------------
Longitude: -176.6792
-------------------------------------------------
Message: success
#################################################
Actual date and time: 2021-8-2-19:16:27
#################################################
Hours: 452206 Minutes: 27132376
-------------------------------------------------
Actual Timestamp: 1627942587 in seconds
-------------------------------------------------
Latitude: -2.5598
-------------------------------------------------
Longitude: -176.2829
-------------------------------------------------
Message: success
#################################################
Actual date and time: 2021-8-2-19:16:38
#################################################
Hours: 452206 Minutes: 27132377
-------------------------------------------------
Actual Timestamp: 1627942598 in seconds
-------------------------------------------------
Latitude: -2.0021
-------------------------------------------------
Longitude: -175.8870
-------------------------------------------------
Message: success
#################################################
Actual date and time: 2021-8-2-19:16:49
#################################################
Hours: 452206 Minutes: 27132377
-------------------------------------------------
Actual Timestamp: 1627942609 in seconds
-------------------------------------------------
Latitude: -1.4444
-------------------------------------------------
Longitude: -175.4914
-------------------------------------------------
Message: success
#################################################
Actual date and time: 2021-8-2-19:17:0
#################################################
Hours: 452206 Minutes: 27132377
-------------------------------------------------
Actual Timestamp: 1627942619 in seconds
-------------------------------------------------
Latitude: -0.9119
-------------------------------------------------
Longitude: -175.1140
-------------------------------------------------
Message: success
#################################################
Actual date and time: 2021-8-2-19:17:11
#################################################
Hours: 452206 Minutes: 27132377
-------------------------------------------------
Actual Timestamp: 1627942630 in seconds
-------------------------------------------------
Latitude: -0.3539
-------------------------------------------------
Longitude: -174.7188
-------------------------------------------------
Message: success
#################################################
Actual date and time: 2021-8-2-19:17:22
#################################################
Hours: 452206 Minutes: 27132377
-------------------------------------------------
Actual Timestamp: 1627942641 in seconds
-------------------------------------------------
Latitude: 0.2042
-------------------------------------------------
Longitude: -174.3235
-------------------------------------------------
Message: success
#################################################
Actual date and time: 2021-8-2-19:17:33
#################################################
Hours: 452206 Minutes: 27132378
-------------------------------------------------
Actual Timestamp: 1627942652 in seconds
-------------------------------------------------
Latitude: 0.7621
-------------------------------------------------
Longitude: -173.9282
-------------------------------------------------
Message: success
#################################################
Actual date and time: 2021-8-2-19:17:44
#################################################
Hours: 452206 Minutes: 27132378
-------------------------------------------------
Actual Timestamp: 1627942663 in seconds
-------------------------------------------------
Latitude: 1.3200
-------------------------------------------------
Longitude: -173.5329
-------------------------------------------------
Message: success
#################################################
Actual date and time: 2021-8-2-19:17:55
#################################################
Hours: 452206 Minutes: 27132378
-------------------------------------------------
Actual Timestamp: 1627942674 in seconds
-------------------------------------------------
Latitude: 1.8778
-------------------------------------------------
Longitude: -173.1374
-------------------------------------------------
Message: success
#################################################
Actual date and time: 2021-8-2-19:18:5
#################################################
Hours: 452206 Minutes: 27132378
-------------------------------------------------
Actual Timestamp: 1627942685 in seconds
-------------------------------------------------
Latitude: 2.4101
-------------------------------------------------
Longitude: -172.7596
-------------------------------------------------
Message: success
#################################################
Actual date and time: 2021-8-2-19:18:16
#################################################
Hours: 452206 Minutes: 27132378
-------------------------------------------------
Actual Timestamp: 1627942696 in seconds
-------------------------------------------------
Latitude: 2.9677
-------------------------------------------------
Longitude: -172.3635
-------------------------------------------------
Message: success
#################################################
Actual date and time: 2021-8-2-19:18:27
#################################################
Hours: 452206 Minutes: 27132378
-------------------------------------------------
Actual Timestamp: 1627942707 in seconds
-------------------------------------------------
Latitude: 3.5251
-------------------------------------------------
Longitude: -171.9668
-------------------------------------------------
Message: success
#################################################
Actual date and time: 2021-8-2-19:18:38
#################################################
Hours: 452206 Minutes: 27132379
-------------------------------------------------
Actual Timestamp: 1627942718 in seconds
-------------------------------------------------
Latitude: 4.0823
-------------------------------------------------
Longitude: -171.5696
-------------------------------------------------
Message: success
#################################################
Actual date and time: 2021-8-2-19:18:49
#################################################
Hours: 452206 Minutes: 27132379
-------------------------------------------------
Actual Timestamp: 1627942729 in seconds
-------------------------------------------------
Latitude: 4.6394
-------------------------------------------------
Longitude: -171.1718
-------------------------------------------------
Message: success
#################################################
Actual date and time: 2021-8-2-19:19:0
#################################################
Hours: 452206 Minutes: 27132379
-------------------------------------------------
Actual Timestamp: 1627942740 in seconds
-------------------------------------------------
Latitude: 5.1962
-------------------------------------------------
Longitude: -170.7732
-------------------------------------------------
Message: success
#################################################
Actual date and time: 2021-8-2-19:19:11
#################################################
Hours: 452206 Minutes: 27132379
-------------------------------------------------
Actual Timestamp: 1627942751 in seconds
-------------------------------------------------
Latitude: 5.7527
-------------------------------------------------
Longitude: -170.3738
-------------------------------------------------
Message: success
#################################################
Actual date and time: 2021-8-2-19:19:22
#################################################
Hours: 452206 Minutes: 27132379
-------------------------------------------------
Actual Timestamp: 1627942762 in seconds
-------------------------------------------------
Latitude: 6.2836
-------------------------------------------------
Longitude: -169.9918
-------------------------------------------------
Message: success
#################################################
Actual date and time: 2021-8-2-19:19:33
#################################################
Hours: 452206 Minutes: 27132380
-------------------------------------------------
Actual Timestamp: 1627942773 in seconds
-------------------------------------------------
Latitude: 6.8393
-------------------------------------------------
Longitude: -169.5907
-------------------------------------------------
Message: success
#################################################
Actual date and time: 2021-8-2-19:19:44
#################################################
Hours: 452206 Minutes: 27132380
-------------------------------------------------
Actual Timestamp: 1627942784 in seconds
-------------------------------------------------
Latitude: 7.3946
-------------------------------------------------
Longitude: -169.1885
-------------------------------------------------
Message: success
#################################################
Actual date and time: 2021-8-2-19:19:55
#################################################
Hours: 452206 Minutes: 27132380
-------------------------------------------------
Actual Timestamp: 1627942795 in seconds
-------------------------------------------------
Latitude: 7.9495
-------------------------------------------------
Longitude: -168.7852
-------------------------------------------------
Message: success
#################################################
Actual date and time: 2021-8-2-19:20:6
#################################################
Hours: 452206 Minutes: 27132380
-------------------------------------------------
Actual Timestamp: 1627942806 in seconds
-------------------------------------------------
Latitude: 8.5040
-------------------------------------------------
Longitude: -168.3806
-------------------------------------------------
Message: success
#################################################
Actual date and time: 2021-8-2-19:20:17
#################################################
Hours: 452206 Minutes: 27132380
-------------------------------------------------
Actual Timestamp: 1627942816 in seconds
-------------------------------------------------
Latitude: 9.0328
-------------------------------------------------
Longitude: -167.9932
-------------------------------------------------
Message: success
#################################################
Actual date and time: 2021-8-2-19:20:28
#################################################
Hours: 452206 Minutes: 27132380
-------------------------------------------------
Actual Timestamp: 1627942827 in seconds
-------------------------------------------------
Latitude: 9.5862
-------------------------------------------------
Longitude: -167.5860
-------------------------------------------------
Message: success
#################################################
Actual date and time: 2021-8-2-19:20:38
#################################################
Hours: 452206 Minutes: 27132381
-------------------------------------------------
Actual Timestamp: 1627942838 in seconds
-------------------------------------------------
Latitude: 10.1391
-------------------------------------------------
Longitude: -167.1773
-------------------------------------------------
Message: success
#################################################
Actual date and time: 2021-8-2-19:20:49
#################################################
Hours: 452206 Minutes: 27132381
-------------------------------------------------
Actual Timestamp: 1627942849 in seconds
-------------------------------------------------
Latitude: 10.6913
-------------------------------------------------
Longitude: -166.7670
-------------------------------------------------
Message: success
#################################################
Actual date and time: 2021-8-2-19:21:0
#################################################
Hours: 452206 Minutes: 27132381
-------------------------------------------------
Actual Timestamp: 1627942860 in seconds
-------------------------------------------------
Latitude: 11.2178
-------------------------------------------------
Longitude: -166.3738
-------------------------------------------------
Message: success
#################################################
Actual date and time: 2021-8-2-19:21:11
#################################################
Hours: 452206 Minutes: 27132381
-------------------------------------------------
Actual Timestamp: 1627942871 in seconds
-------------------------------------------------
Latitude: 11.7686
-------------------------------------------------
Longitude: -165.9602
-------------------------------------------------
Message: success
#################################################
Actual date and time: 2021-8-2-19:21:22
#################################################
Hours: 452206 Minutes: 27132381
-------------------------------------------------
Actual Timestamp: 1627942882 in seconds
-------------------------------------------------
Latitude: 12.3188
-------------------------------------------------
Longitude: -165.5447
-------------------------------------------------
Message: success
#################################################
Actual date and time: 2021-8-2-19:21:33
#################################################
Hours: 452206 Minutes: 27132382
-------------------------------------------------
Actual Timestamp: 1627942893 in seconds
-------------------------------------------------
Latitude: 12.8681
-------------------------------------------------
Longitude: -165.1273
-------------------------------------------------
Message: success
#################################################
Actual date and time: 2021-8-2-19:21:44
#################################################
Hours: 452206 Minutes: 27132382
-------------------------------------------------
Actual Timestamp: 1627942904 in seconds
-------------------------------------------------
Latitude: 13.4168
-------------------------------------------------
Longitude: -164.7078
-------------------------------------------------
Message: success
#################################################
Actual date and time: 2021-8-2-19:21:55
#################################################
Hours: 452206 Minutes: 27132382
-------------------------------------------------
Actual Timestamp: 1627942914 in seconds
-------------------------------------------------
Latitude: 13.9396
-------------------------------------------------
Longitude: -164.3053
-------------------------------------------------
Message: success
#################################################
Actual date and time: 2021-8-2-19:22:6
#################################################
Hours: 452206 Minutes: 27132382
-------------------------------------------------
Actual Timestamp: 1627942925 in seconds
-------------------------------------------------
Latitude: 14.4866
-------------------------------------------------
Longitude: -163.8815
-------------------------------------------------
Message: success
#################################################
Actual date and time: 2021-8-2-19:22:17
#################################################
Hours: 452206 Minutes: 27132382
-------------------------------------------------
Actual Timestamp: 1627942936 in seconds
-------------------------------------------------
Latitude: 15.0324
-------------------------------------------------
Longitude: -163.4555
-------------------------------------------------
Message: success
#################################################
Actual date and time: 2021-8-2-19:22:28
#################################################
Hours: 452206 Minutes: 27132382
-------------------------------------------------
Actual Timestamp: 1627942947 in seconds
-------------------------------------------------
Latitude: 15.5774
-------------------------------------------------
Longitude: -163.0269
-------------------------------------------------
Message: success
#################################################
Actual date and time: 2021-8-2-19:22:39
#################################################
Hours: 452206 Minutes: 27132383
-------------------------------------------------
Actual Timestamp: 1627942958 in seconds
-------------------------------------------------
Latitude: 16.1214
-------------------------------------------------
Longitude: -162.5959
-------------------------------------------------
Message: success
#################################################
Actual date and time: 2021-8-2-19:22:50
#################################################
Hours: 452206 Minutes: 27132383
-------------------------------------------------
Actual Timestamp: 1627942969 in seconds
-------------------------------------------------
Latitude: 16.6643
-------------------------------------------------
Longitude: -162.1622
-------------------------------------------------
Message: success
#################################################
Actual date and time: 2021-8-2-19:23:1
#################################################
Hours: 452206 Minutes: 27132383
-------------------------------------------------
Actual Timestamp: 1627942980 in seconds
-------------------------------------------------
Latitude: 17.2060
-------------------------------------------------
Longitude: -161.7258
-------------------------------------------------
Message: success
#################################################
Actual date and time: 2021-8-2-19:23:12
#################################################
Hours: 452206 Minutes: 27132383
-------------------------------------------------
Actual Timestamp: 1627942992 in seconds
-------------------------------------------------
Latitude: 17.7467
-------------------------------------------------
Longitude: -161.2865
-------------------------------------------------
Message: success
#################################################
Actual date and time: 2021-8-2-19:23:23
#################################################
Hours: 452206 Minutes: 27132383
-------------------------------------------------
Actual Timestamp: 1627943002 in seconds
-------------------------------------------------
Latitude: 18.2616
-------------------------------------------------
Longitude: -160.8645
-------------------------------------------------
Message: success
#################################################
Actual date and time: 2021-8-2-19:23:33
#################################################
Hours: 452206 Minutes: 27132384
-------------------------------------------------
Actual Timestamp: 1627943013 in seconds
-------------------------------------------------
Latitude: 18.7998
-------------------------------------------------
Longitude: -160.4194
-------------------------------------------------
Message: success
#################################################
Actual date and time: 2021-8-2-19:23:44
#################################################
Hours: 452206 Minutes: 27132384
-------------------------------------------------
Actual Timestamp: 1627943024 in seconds
-------------------------------------------------
Latitude: 19.3368
-------------------------------------------------
Longitude: -159.9711
-------------------------------------------------
Message: success
#################################################
Actual date and time: 2021-8-2-19:23:55
#################################################
Hours: 452206 Minutes: 27132384
-------------------------------------------------
Actual Timestamp: 1627943035 in seconds
-------------------------------------------------
Latitude: 19.8725
-------------------------------------------------
Longitude: -159.5195
-------------------------------------------------
Message: success
#################################################
Actual date and time: 2021-8-2-19:24:6
#################################################
Hours: 452206 Minutes: 27132384
-------------------------------------------------
Actual Timestamp: 1627943046 in seconds
-------------------------------------------------
Latitude: 20.3825
-------------------------------------------------
Longitude: -159.0853
-------------------------------------------------
Message: success
#################################################
Actual date and time: 2021-8-2-19:24:17
#################################################
Hours: 452206 Minutes: 27132384
-------------------------------------------------
Actual Timestamp: 1627943057 in seconds
-------------------------------------------------
Latitude: 20.9154
-------------------------------------------------
Longitude: -158.6270
-------------------------------------------------
Message: success
#################################################
Actual date and time: 2021-8-2-19:24:28
#################################################
Hours: 452206 Minutes: 27132384
-------------------------------------------------
Actual Timestamp: 1627943068 in seconds
-------------------------------------------------
Latitude: 21.4468
-------------------------------------------------
Longitude: -158.1651
-------------------------------------------------
Message: success
#################################################
Actual date and time: 2021-8-2-19:24:39
#################################################
Hours: 452206 Minutes: 27132385
-------------------------------------------------
Actual Timestamp: 1627943079 in seconds
-------------------------------------------------
Latitude: 21.9766
-------------------------------------------------
Longitude: -157.6996
-------------------------------------------------
Message: success
#################################################
Actual date and time: 2021-8-2-19:24:50
#################################################
Hours: 452206 Minutes: 27132385
-------------------------------------------------
Actual Timestamp: 1627943089 in seconds
-------------------------------------------------
Latitude: 22.4808
-------------------------------------------------
Longitude: -157.2516
-------------------------------------------------
Message: success
#################################################
Actual date and time: 2021-8-2-19:25:1
#################################################
Hours: 452206 Minutes: 27132385
-------------------------------------------------
Actual Timestamp: 1627943100 in seconds
-------------------------------------------------
Latitude: 23.0075
-------------------------------------------------
Longitude: -156.7784
-------------------------------------------------
Message: success
#################################################
Actual date and time: 2021-8-2-19:25:12
#################################################
Hours: 452206 Minutes: 27132385
-------------------------------------------------
Actual Timestamp: 1627943111 in seconds
-------------------------------------------------
Latitude: 23.5326
-------------------------------------------------
Longitude: -156.3010
-------------------------------------------------
Message: success
#################################################
Actual date and time: 2021-8-2-19:25:23
#################################################
Hours: 452206 Minutes: 27132385
-------------------------------------------------
Actual Timestamp: 1627943122 in seconds
-------------------------------------------------
Latitude: 24.0557
-------------------------------------------------
Longitude: -155.8196
-------------------------------------------------
Message: success
#################################################
Actual date and time: 2021-8-2-19:25:33
#################################################
Hours: 452206 Minutes: 27132386
-------------------------------------------------
Actual Timestamp: 1627943133 in seconds
-------------------------------------------------
Latitude: 24.5771
-------------------------------------------------
Longitude: -155.3337
-------------------------------------------------
Message: success
#################################################
Actual date and time: 2021-8-2-19:25:44
#################################################
Hours: 452206 Minutes: 27132386
-------------------------------------------------
Actual Timestamp: 1627943144 in seconds
-------------------------------------------------
Latitude: 25.0731
-------------------------------------------------
Longitude: -154.8659
-------------------------------------------------
Message: success
#################################################
Actual date and time: 2021-8-2-19:25:55
#################################################
Hours: 452206 Minutes: 27132386
-------------------------------------------------
Actual Timestamp: 1627943155 in seconds
-------------------------------------------------
Latitude: 25.5907
-------------------------------------------------
Longitude: -154.3713
-------------------------------------------------
Message: success
#################################################
Actual date and time: 2021-8-2-19:26:6
#################################################
Hours: 452206 Minutes: 27132386
-------------------------------------------------
Actual Timestamp: 1627943166 in seconds
-------------------------------------------------
Latitude: 26.1064
-------------------------------------------------
Longitude: -153.8719
-------------------------------------------------
Message: success
#################################################
Actual date and time: 2021-8-2-19:26:17
#################################################
Hours: 452206 Minutes: 27132386
-------------------------------------------------
Actual Timestamp: 1627943177 in seconds
-------------------------------------------------
Latitude: 26.6199
-------------------------------------------------
Longitude: -153.3678
-------------------------------------------------
Message: success
#################################################
Actual date and time: 2021-8-2-19:26:28
#################################################
Hours: 452206 Minutes: 27132386
-------------------------------------------------
Actual Timestamp: 1627943188 in seconds
-------------------------------------------------
Latitude: 27.1316
-------------------------------------------------
Longitude: -152.8585
-------------------------------------------------
Message: success
#################################################
Actual date and time: 2021-8-2-19:26:39
#################################################
Hours: 452206 Minutes: 27132387
-------------------------------------------------
Actual Timestamp: 1627943198 in seconds
-------------------------------------------------
Latitude: 27.6177
-------------------------------------------------
Longitude: -152.3678
-------------------------------------------------
Message: success
#################################################
Actual date and time: 2021-8-2-19:26:50
#################################################
Hours: 452206 Minutes: 27132387
-------------------------------------------------
Actual Timestamp: 1627943209 in seconds
-------------------------------------------------
Latitude: 28.1248
-------------------------------------------------
Longitude: -151.8486
-------------------------------------------------
Message: success
#################################################
Actual date and time: 2021-8-2-19:27:1
#################################################
Hours: 452206 Minutes: 27132387
-------------------------------------------------
Actual Timestamp: 1627943220 in seconds
-------------------------------------------------
Latitude: 28.6295
-------------------------------------------------
Longitude: -151.3240
-------------------------------------------------
Message: success
#################################################
Actual date and time: 2021-8-2-19:27:12
#################################################
Hours: 452206 Minutes: 27132387
-------------------------------------------------
Actual Timestamp: 1627943231 in seconds
-------------------------------------------------
Latitude: 29.1319
-------------------------------------------------
Longitude: -150.7938
-------------------------------------------------
Message: success
#################################################
Actual date and time: 2021-8-2-19:27:23
#################################################
Hours: 452206 Minutes: 27132387
-------------------------------------------------
Actual Timestamp: 1627943242 in seconds
-------------------------------------------------
Latitude: 29.6318
-------------------------------------------------
Longitude: -150.2580
-------------------------------------------------
Message: success
#################################################
Actual date and time: 2021-8-2-19:27:34
#################################################
Hours: 452206 Minutes: 27132388
-------------------------------------------------
Actual Timestamp: 1627943254 in seconds
-------------------------------------------------
Latitude: 30.1291
-------------------------------------------------
Longitude: -149.7163
-------------------------------------------------
Message: success
#################################################
Actual date and time: 2021-8-2-19:27:45
#################################################
Hours: 452206 Minutes: 27132388
-------------------------------------------------
Actual Timestamp: 1627943264 in seconds
-------------------------------------------------
Latitude: 30.6013
-------------------------------------------------
Longitude: -149.1938
-------------------------------------------------
Message: success
#################################################
Actual date and time: 2021-8-2-19:27:55
#################################################
Hours: 452206 Minutes: 27132388
-------------------------------------------------
Actual Timestamp: 1627943275 in seconds
-------------------------------------------------
Latitude: 31.0933
-------------------------------------------------
Longitude: -148.6405
-------------------------------------------------
Message: success
#################################################
Actual date and time: 2021-8-2-19:28:6
#################################################
Hours: 452206 Minutes: 27132388
-------------------------------------------------
Actual Timestamp: 1627943286 in seconds
-------------------------------------------------
Latitude: 31.5825
-------------------------------------------------
Longitude: -148.0809
-------------------------------------------------
Message: success
#################################################
Actual date and time: 2021-8-2-19:28:17
#################################################
Hours: 452206 Minutes: 27132388
-------------------------------------------------
Actual Timestamp: 1627943297 in seconds
-------------------------------------------------
Latitude: 32.0689
-------------------------------------------------
Longitude: -147.5149
-------------------------------------------------
Message: success
#################################################
Actual date and time: 2021-8-2-19:28:28
#################################################
Hours: 452206 Minutes: 27132388
-------------------------------------------------
Actual Timestamp: 1627943308 in seconds
-------------------------------------------------
Latitude: 32.5523
-------------------------------------------------
Longitude: -146.9425
-------------------------------------------------
Message: success
#################################################
Actual date and time: 2021-8-2-19:28:39
#################################################
Hours: 452206 Minutes: 27132389
-------------------------------------------------
Actual Timestamp: 1627943319 in seconds
-------------------------------------------------
Latitude: 33.0108
-------------------------------------------------
Longitude: -146.3897
-------------------------------------------------
Message: success
#################################################
Actual date and time: 2021-8-2-19:28:50
#################################################
Hours: 452206 Minutes: 27132389
-------------------------------------------------
Actual Timestamp: 1627943330 in seconds
-------------------------------------------------
Latitude: 33.4881
-------------------------------------------------
Longitude: -145.8040
-------------------------------------------------
Message: success
#################################################
Actual date and time: 2021-8-2-19:29:1
#################################################
Hours: 452206 Minutes: 27132389
-------------------------------------------------
Actual Timestamp: 1627943341 in seconds
-------------------------------------------------
Latitude: 33.9622
-------------------------------------------------
Longitude: -145.2113
-------------------------------------------------
Message: success
#################################################
Actual date and time: 2021-8-2-19:29:40
#################################################
Hours: 452206 Minutes: 27132390
-------------------------------------------------
Actual Timestamp: 1627943379 in seconds
-------------------------------------------------
Latitude: 35.5943
-------------------------------------------------
Longitude: -143.0797
-------------------------------------------------
Message: success
#################################################
Actual date and time: 2021-8-2-19:29:51
#################################################
Hours: 452206 Minutes: 27132390
-------------------------------------------------
Actual Timestamp: 1627943390 in seconds
-------------------------------------------------
Latitude: 36.0525
-------------------------------------------------
Longitude: -142.4536
-------------------------------------------------
Message: success
#################################################
Actual date and time: 2021-8-2-19:30:2
#################################################
Hours: 452206 Minutes: 27132390
-------------------------------------------------
Actual Timestamp: 1627943401 in seconds
-------------------------------------------------
Latitude: 36.5070
-------------------------------------------------
Longitude: -141.8196
-------------------------------------------------
Message: success